0 info it worked if it ends with ok
1 verbose cli [ 'C:\\Program Files\\nodejs\\node.exe',
1 verbose cli   'C:\\Users\\iampo\\AppData\\Roaming\\npm\\node_modules\\npm\\bin\\npm-cli.js',
1 verbose cli   'run-script',
1 verbose cli   'serve' ]
2 info using npm@3.10.6
3 info using node@v6.11.1
4 verbose run-script [ 'preserve', 'serve', 'postserve' ]
5 info lifecycle pocketninjadesign@1.0.0~preserve: pocketninjadesign@1.0.0
6 silly lifecycle pocketninjadesign@1.0.0~preserve: no script for preserve, continuing
7 info lifecycle pocketninjadesign@1.0.0~serve: pocketninjadesign@1.0.0
8 verbose lifecycle pocketninjadesign@1.0.0~serve: unsafe-perm in lifecycle true
9 verbose lifecycle pocketninjadesign@1.0.0~serve: PATH: C:\Users\iampo\AppData\Roaming\npm\node_modules\npm\bin\node-gyp-bin;E:\Work\builds\github\pocketninjadesign\node_modules\.bin;C:\Program Files (x86)\Common Files\Intel\Shared Libraries\redist\intel64\compiler;C:\Python27\;C:\Python27\Scripts;C:\WINDOWS\system32;C:\WINDOWS;C:\WINDOWS\System32\Wbem;C:\WINDOWS\System32\WindowsPowerShell\v1.0\;C:\Program Files\Git\cmd;C:\Program Files (x86)\GtkSharp\2.12\bin;C:\WINDOWS\system32\config\systemprofile\.dnx\bin;C:\Program Files\Microsoft DNX\Dnvm\;C:\Program Files (x86)\Windows Kits\10\Windows Performance Toolkit\;C:\Program Files\Microsoft SQL Server\130\Tools\Binn\;C:\Program Files (x86)\QuickTime\QTSystem\;C:\xampp\php;C:\ProgramData\ComposerSetup\bin;C:\Program Files\PostgreSQL\pg95\bin;C:\PostgreSQL\pg95\bin;C:\HashiCorp\Vagrant\bin;C:\Program Files\nodejs\;C:\Program Files\dotnet\;C:\Ruby24-x64\bin;C:\Users\iampo\AppData\Roaming\Composer\vendor\bin;C:\Users\iampo\AppData\Local\Microsoft\WindowsApps;C:\Users\iampo\AppData\Local\atom\bin;C:\Program Files (x86)\Microsoft VS Code\bin;C:\Users\iampo\AppData\Roaming\npm;
10 verbose lifecycle pocketninjadesign@1.0.0~serve: CWD: E:\Work\builds\github\pocketninjadesign
11 silly lifecycle pocketninjadesign@1.0.0~serve: Args: [ '/d /s /c', 'webpack-dev-server --open --inline --hot' ]
12 silly lifecycle pocketninjadesign@1.0.0~serve: Returned: code: 1  signal: null
13 info lifecycle pocketninjadesign@1.0.0~serve: Failed to exec serve script
14 verbose stack Error: pocketninjadesign@1.0.0 serve: `webpack-dev-server --open --inline --hot`
14 verbose stack Exit status 1
14 verbose stack     at EventEmitter.<anonymous> (C:\Users\iampo\AppData\Roaming\npm\node_modules\npm\lib\utils\lifecycle.js:255:16)
14 verbose stack     at emitTwo (events.js:106:13)
14 verbose stack     at EventEmitter.emit (events.js:191:7)
14 verbose stack     at ChildProcess.<anonymous> (C:\Users\iampo\AppData\Roaming\npm\node_modules\npm\lib\utils\spawn.js:40:14)
14 verbose stack     at emitTwo (events.js:106:13)
14 verbose stack     at ChildProcess.emit (events.js:191:7)
14 verbose stack     at maybeClose (internal/child_process.js:891:16)
14 verbose stack     at Process.ChildProcess._handle.onexit (internal/child_process.js:226:5)
15 verbose pkgid pocketninjadesign@1.0.0
16 verbose cwd E:\Work\builds\github\pocketninjadesign
17 error Windows_NT 10.0.16299
18 error argv "C:\\Program Files\\nodejs\\node.exe" "C:\\Users\\iampo\\AppData\\Roaming\\npm\\node_modules\\npm\\bin\\npm-cli.js" "run-script" "serve"
19 error node v6.11.1
20 error npm  v3.10.6
21 error code ELIFECYCLE
22 error pocketninjadesign@1.0.0 serve: `webpack-dev-server --open --inline --hot`
22 error Exit status 1
23 error Failed at the pocketninjadesign@1.0.0 serve script 'webpack-dev-server --open --inline --hot'.
23 error Make sure you have the latest version of node.js and npm installed.
23 error If you do, this is most likely a problem with the pocketninjadesign package,
23 error not with npm itself.
23 error Tell the author that this fails on your system:
23 error     webpack-dev-server --open --inline --hot
23 error You can get information on how to open an issue for this project with:
23 error     npm bugs pocketninjadesign
23 error Or if that isn't available, you can get their info via:
23 error     npm owner ls pocketninjadesign
23 error There is likely additional logging output above.
24 verbose exit [ 1, true ]
